This file contains any messages produced by compilers while
running configure, to aid debugging if configure makes a mistake.

It was created by libsapo-broker2 configure 2.1.0, which was
generated by GNU Autoconf 2.69.  Invocation command line was

  $ ./configure 

## --------- ##
## Platform. ##
## --------- ##

hostname = ead1d3852c02
uname -m = x86_64
uname -r = 4.8.0-42-generic
uname -s = Linux
uname -v = #45~16.04.1-Ubuntu SMP Thu Mar 9 14:10:58 UTC 2017

/usr/bin/uname -p = unknown
/bin/uname -X     = unknown

/bin/arch              = unknown
/usr/bin/arch -k       = unknown
/usr/convex/getsysinfo = unknown
/usr/bin/hostinfo      = unknown
/bin/machine           = unknown
/usr/bin/oslevel       = unknown
/bin/universe          = unknown

PATH: /usr/local/sbin
PATH: /usr/local/bin
PATH: /usr/sbin
PATH: /usr/bin
PATH: /sbin
PATH: /bin


## ----------- ##
## Core tests. ##
## ----------- ##

configure:2614: checking for a BSD-compatible install
configure:2682: result: /usr/bin/install -c
configure:2693: checking whether build environment is sane
configure:2748: result: yes
configure:2786: WARNING: 'missing' script is too old or missing
configure:2899: checking for a thread-safe mkdir -p
configure:2938: result: /bin/mkdir -p
configure:2945: checking for gawk
configure:2975: result: no
configure:2945: checking for mawk
configure:2961: found /usr/bin/mawk
configure:2972: result: mawk
configure:2983: checking whether make sets $(MAKE)
configure:3005: result: yes
configure:3034: checking whether make supports nested variables
configure:3051: result: yes
configure:3242: checking for g++
configure:3258: found /usr/bin/g++
configure:3269: result: g++
configure:3296: checking for C++ compiler version
configure:3305: g++ --version >&5
g++ (Debian 4.9.2-10) 4.9.2
Copyright (C) 2014 Free Software Foundation, Inc.
This is free software; see the source for copying conditions.  There is NO
warranty; not even for MERCHANTABILITY or FITNESS FOR A PARTICULAR PURPOSE.

configure:3316: $? = 0
configure:3305: g++ -v >&5
Using built-in specs.
COLLECT_GCC=g++
COLLECT_LTO_WRAPPER=/usr/lib/gcc/x86_64-linux-gnu/4.9/lto-wrapper
Target: x86_64-linux-gnu
Configured with: ../src/configure -v --with-pkgversion='Debian 4.9.2-10' --with-bugurl=file:///usr/share/doc/gcc-4.9/README.Bugs --enable-languages=c,c++,java,go,d,fortran,objc,obj-c++ --prefix=/usr --program-suffix=-4.9 --enable-shared --enable-linker-build-id --libexecdir=/usr/lib --without-included-gettext --enable-threads=posix --with-gxx-include-dir=/usr/include/c++/4.9 --libdir=/usr/lib --enable-nls --with-sysroot=/ --enable-clocale=gnu --enable-libstdcxx-debug --enable-libstdcxx-time=yes --enable-gnu-unique-object --disable-vtable-verify --enable-plugin --with-system-zlib --disable-browser-plugin --enable-java-awt=gtk --enable-gtk-cairo --with-java-home=/usr/lib/jvm/java-1.5.0-gcj-4.9-amd64/jre --enable-java-home --with-jvm-root-dir=/usr/lib/jvm/java-1.5.0-gcj-4.9-amd64 --with-jvm-jar-dir=/usr/lib/jvm-exports/java-1.5.0-gcj-4.9-amd64 --with-arch-directory=amd64 --with-ecj-jar=/usr/share/java/eclipse-ecj.jar --enable-objc-gc --enable-multiarch --with-arch-32=i586 --with-abi=m64 --with-multilib-list=m32,m64,mx32 --enable-multilib --with-tune=generic --enable-checking=release --build=x86_64-linux-gnu --host=x86_64-linux-gnu --target=x86_64-linux-gnu
Thread model: posix
gcc version 4.9.2 (Debian 4.9.2-10) 
configure:3316: $? = 0
configure:3305: g++ -V >&5
g++: error: unrecognized command line option '-V'
g++: fatal error: no input files
compilation terminated.
configure:3316: $? = 4
configure:3305: g++ -qversion >&5
g++: error: unrecognized command line option '-qversion'
g++: fatal error: no input files
compilation terminated.
configure:3316: $? = 4
configure:3336: checking whether the C++ compiler works
configure:3358: g++    conftest.cpp  >&5
configure:3362: $? = 0
configure:3410: result: yes
configure:3413: checking for C++ compiler default output file name
configure:3415: result: a.out
configure:3421: checking for suffix of executables
configure:3428: g++ -o conftest    conftest.cpp  >&5
configure:3432: $? = 0
configure:3454: result: 
configure:3476: checking whether we are cross compiling
configure:3484: g++ -o conftest    conftest.cpp  >&5
configure:3488: $? = 0
configure:3495: ./conftest
configure:3499: $? = 0
configure:3514: result: no
configure:3519: checking for suffix of object files
configure:3541: g++ -c   conftest.cpp >&5
configure:3545: $? = 0
configure:3566: result: o
configure:3570: checking whether we are using the GNU C++ compiler
configure:3589: g++ -c   conftest.cpp >&5
configure:3589: $? = 0
configure:3598: result: yes
configure:3607: checking whether g++ accepts -g
configure:3627: g++ -c -g  conftest.cpp >&5
configure:3627: $? = 0
configure:3668: result: yes
configure:3702: checking for style of include used by make
configure:3730: result: GNU
configure:3756: checking dependency style of g++
configure:3867: result: gcc3
configure:3930: checking for gcc
configure:3946: found /usr/bin/gcc
configure:3957: result: gcc
configure:4186: checking for C compiler version
configure:4195: gcc --version >&5
gcc (Debian 4.9.2-10) 4.9.2
Copyright (C) 2014 Free Software Foundation, Inc.
This is free software; see the source for copying conditions.  There is NO
warranty; not even for MERCHANTABILITY or FITNESS FOR A PARTICULAR PURPOSE.

configure:4206: $? = 0
configure:4195: gcc -v >&5
Using built-in specs.
COLLECT_GCC=gcc
COLLECT_LTO_WRAPPER=/usr/lib/gcc/x86_64-linux-gnu/4.9/lto-wrapper
Target: x86_64-linux-gnu
Configured with: ../src/configure -v --with-pkgversion='Debian 4.9.2-10' --with-bugurl=file:///usr/share/doc/gcc-4.9/README.Bugs --enable-languages=c,c++,java,go,d,fortran,objc,obj-c++ --prefix=/usr --program-suffix=-4.9 --enable-shared --enable-linker-build-id --libexecdir=/usr/lib --without-included-gettext --enable-threads=posix --with-gxx-include-dir=/usr/include/c++/4.9 --libdir=/usr/lib --enable-nls --with-sysroot=/ --enable-clocale=gnu --enable-libstdcxx-debug --enable-libstdcxx-time=yes --enable-gnu-unique-object --disable-vtable-verify --enable-plugin --with-system-zlib --disable-browser-plugin --enable-java-awt=gtk --enable-gtk-cairo --with-java-home=/usr/lib/jvm/java-1.5.0-gcj-4.9-amd64/jre --enable-java-home --with-jvm-root-dir=/usr/lib/jvm/java-1.5.0-gcj-4.9-amd64 --with-jvm-jar-dir=/usr/lib/jvm-exports/java-1.5.0-gcj-4.9-amd64 --with-arch-directory=amd64 --with-ecj-jar=/usr/share/java/eclipse-ecj.jar --enable-objc-gc --enable-multiarch --with-arch-32=i586 --with-abi=m64 --with-multilib-list=m32,m64,mx32 --enable-multilib --with-tune=generic --enable-checking=release --build=x86_64-linux-gnu --host=x86_64-linux-gnu --target=x86_64-linux-gnu
Thread model: posix
gcc version 4.9.2 (Debian 4.9.2-10) 
configure:4206: $? = 0
configure:4195: gcc -V >&5
gcc: error: unrecognized command line option '-V'
gcc: fatal error: no input files
compilation terminated.
configure:4206: $? = 4
configure:4195: gcc -qversion >&5
gcc: error: unrecognized command line option '-qversion'
gcc: fatal error: no input files
compilation terminated.
configure:4206: $? = 4
configure:4210: checking whether we are using the GNU C compiler
configure:4229: gcc -c   conftest.c >&5
configure:4229: $? = 0
configure:4238: result: yes
configure:4247: checking whether gcc accepts -g
configure:4267: gcc -c -g  conftest.c >&5
configure:4267: $? = 0
configure:4308: result: yes
configure:4325: checking for gcc option to accept ISO C89
configure:4388: gcc  -c -g -O2  conftest.c >&5
configure:4388: $? = 0
configure:4401: result: none needed
configure:4426: checking whether gcc understands -c and -o together
configure:4448: gcc -c conftest.c -o conftest2.o
configure:4451: $? = 0
configure:4448: gcc -c conftest.c -o conftest2.o
configure:4451: $? = 0
configure:4463: result: yes
configure:4482: checking dependency style of gcc
configure:4593: result: gcc3
configure:4608: checking for gcc option to accept ISO C99
configure:4757: gcc  -c -g -O2  conftest.c >&5
conftest.c:61:29: error: expected ';', ',' or ')' before 'text'
 test_restrict (ccp restrict text)
                             ^
conftest.c: In function 'main':
conftest.c:115:18: error: expected '=', ',', ';', 'asm' or '__attribute__' before 'newvar'
   char *restrict newvar = "Another string";
                  ^
conftest.c:115:18: error: 'newvar' undeclared (first use in this function)
conftest.c:115:18: note: each undeclared identifier is reported only once for each function it appears in
conftest.c:125:3: error: 'for' loop initial declarations are only allowed in C99 or C11 mode
   for (int i = 0; i < ia->datasize; ++i)
   ^
conftest.c:125:3: note: use option -std=c99, -std=gnu99, -std=c11 or -std=gnu11 to compile your code
configure:4757: $? = 1
configure: failed program was:
| /* confdefs.h */
| #define PACKAGE_NAME "libsapo-broker2"
| #define PACKAGE_TARNAME "libsapo-broker2"
| #define PACKAGE_VERSION "2.1.0"
| #define PACKAGE_STRING "libsapo-broker2 2.1.0"
| #define PACKAGE_BUGREPORT "c.valente@co.sapo.pt"
| #define PACKAGE_URL ""
| #define PACKAGE "libsapo-broker2"
| #define VERSION "2.1.0"
| /* end confdefs.h.  */
| #include <stdarg.h>
| #include <stdbool.h>
| #include <stdlib.h>
| #include <wchar.h>
| #include <stdio.h>
| 
| // Check varargs macros.  These examples are taken from C99 6.10.3.5.
| #define debug(...) fprintf (stderr, __VA_ARGS__)
| #define showlist(...) puts (#__VA_ARGS__)
| #define report(test,...) ((test) ? puts (#test) : printf (__VA_ARGS__))
| static void
| test_varargs_macros (void)
| {
|   int x = 1234;
|   int y = 5678;
|   debug ("Flag");
|   debug ("X = %d\n", x);
|   showlist (The first, second, and third items.);
|   report (x>y, "x is %d but y is %d", x, y);
| }
| 
| // Check long long types.
| #define BIG64 18446744073709551615ull
| #define BIG32 4294967295ul
| #define BIG_OK (BIG64 / BIG32 == 4294967297ull && BIG64 % BIG32 == 0)
| #if !BIG_OK
|   your preprocessor is broken;
| #endif
| #if BIG_OK
| #else
|   your preprocessor is broken;
| #endif
| static long long int bignum = -9223372036854775807LL;
| static unsigned long long int ubignum = BIG64;
| 
| struct incomplete_array
| {
|   int datasize;
|   double data[];
| };
| 
| struct named_init {
|   int number;
|   const wchar_t *name;
|   double average;
| };
| 
| typedef const char *ccp;
| 
| static inline int
| test_restrict (ccp restrict text)
| {
|   // See if C++-style comments work.
|   // Iterate through items via the restricted pointer.
|   // Also check for declarations in for loops.
|   for (unsigned int i = 0; *(text+i) != '\0'; ++i)
|     continue;
|   return 0;
| }
| 
| // Check varargs and va_copy.
| static void
| test_varargs (const char *format, ...)
| {
|   va_list args;
|   va_start (args, format);
|   va_list args_copy;
|   va_copy (args_copy, args);
| 
|   const char *str;
|   int number;
|   float fnumber;
| 
|   while (*format)
|     {
|       switch (*format++)
| 	{
| 	case 's': // string
| 	  str = va_arg (args_copy, const char *);
| 	  break;
| 	case 'd': // int
| 	  number = va_arg (args_copy, int);
| 	  break;
| 	case 'f': // float
| 	  fnumber = va_arg (args_copy, double);
| 	  break;
| 	default:
| 	  break;
| 	}
|     }
|   va_end (args_copy);
|   va_end (args);
| }
| 
| int
| main ()
| {
| 
|   // Check bool.
|   _Bool success = false;
| 
|   // Check restrict.
|   if (test_restrict ("String literal") == 0)
|     success = true;
|   char *restrict newvar = "Another string";
| 
|   // Check varargs.
|   test_varargs ("s, d' f .", "string", 65, 34.234);
|   test_varargs_macros ();
| 
|   // Check flexible array members.
|   struct incomplete_array *ia =
|     malloc (sizeof (struct incomplete_array) + (sizeof (double) * 10));
|   ia->datasize = 10;
|   for (int i = 0; i < ia->datasize; ++i)
|     ia->data[i] = i * 1.234;
| 
|   // Check named initializers.
|   struct named_init ni = {
|     .number = 34,
|     .name = L"Test wide string",
|     .average = 543.34343,
|   };
| 
|   ni.number = 58;
| 
|   int dynamic_array[ni.number];
|   dynamic_array[ni.number - 1] = 543;
| 
|   // work around unused variable warnings
|   return (!success || bignum == 0LL || ubignum == 0uLL || newvar[0] == 'x'
| 	  || dynamic_array[ni.number - 1] != 543);
| 
|   ;
|   return 0;
| }
configure:4757: gcc -std=gnu99 -c -g -O2  conftest.c >&5
configure:4757: $? = 0
configure:4777: result: -std=gnu99
configure:4814: checking build system type
configure:4828: result: x86_64-unknown-linux-gnu
configure:4848: checking host system type
configure:4861: result: x86_64-unknown-linux-gnu
configure:4902: checking how to print strings
configure:4929: result: printf
configure:4950: checking for a sed that does not truncate output
configure:5014: result: /bin/sed
configure:5032: checking for grep that handles long lines and -e
configure:5090: result: /bin/grep
configure:5095: checking for egrep
configure:5157: result: /bin/grep -E
configure:5162: checking for fgrep
configure:5224: result: /bin/grep -F
configure:5259: checking for ld used by gcc -std=gnu99
configure:5326: result: /usr/bin/ld
configure:5333: checking if the linker (/usr/bin/ld) is GNU ld
configure:5348: result: yes
configure:5360: checking for BSD- or MS-compatible name lister (nm)
configure:5409: result: /usr/bin/nm -B
configure:5539: checking the name lister (/usr/bin/nm -B) interface
configure:5546: gcc -std=gnu99 -c -g -O2  conftest.c >&5
configure:5549: /usr/bin/nm -B "conftest.o"
configure:5552: output
0000000000000000 B some_variable
configure:5559: result: BSD nm
configure:5562: checking whether ln -s works
configure:5566: result: yes
configure:5574: checking the maximum length of command line arguments
configure:5705: result: 1572864
configure:5722: checking whether the shell understands some XSI constructs
configure:5732: result: yes
configure:5736: checking whether the shell understands "+="
configure:5742: result: yes
configure:5777: checking how to convert x86_64-unknown-linux-gnu file names to x86_64-unknown-linux-gnu format
configure:5817: result: func_convert_file_noop
configure:5824: checking how to convert x86_64-unknown-linux-gnu file names to toolchain format
configure:5844: result: func_convert_file_noop
configure:5851: checking for /usr/bin/ld option to reload object files
configure:5858: result: -r
configure:5932: checking for objdump
configure:5948: found /usr/bin/objdump
configure:5959: result: objdump
configure:5991: checking how to recognize dependent libraries
configure:6189: result: pass_all
configure:6274: checking for dlltool
configure:6304: result: no
configure:6334: checking how to associate runtime and link libraries
configure:6361: result: printf %s\n
configure:6422: checking for ar
configure:6438: found /usr/bin/ar
configure:6449: result: ar
configure:6486: checking for archiver @FILE support
configure:6503: gcc -std=gnu99 -c -g -O2  conftest.c >&5
configure:6503: $? = 0
configure:6506: ar cru libconftest.a @conftest.lst >&5
configure:6509: $? = 0
configure:6514: ar cru libconftest.a @conftest.lst >&5
ar: conftest.o: No such file or directory
configure:6517: $? = 1
configure:6529: result: @
configure:6587: checking for strip
configure:6603: found /usr/bin/strip
configure:6614: result: strip
configure:6686: checking for ranlib
configure:6702: found /usr/bin/ranlib
configure:6713: result: ranlib
configure:6815: checking command to parse /usr/bin/nm -B output from gcc -std=gnu99 object
configure:6935: gcc -std=gnu99 -c -g -O2  conftest.c >&5
configure:6938: $? = 0
configure:6942: /usr/bin/nm -B conftest.o \| sed -n -e 's/^.*[ ]\([ABCDGIRSTW][ABCDGIRSTW]*\)[ ][ ]*\([_A-Za-z][_A-Za-z0-9]*\)$/\1 \2 \2/p' | sed '/ __gnu_lto/d' \> conftest.nm
configure:6945: $? = 0
configure:7011: gcc -std=gnu99 -o conftest -g -O2   conftest.c conftstm.o >&5
configure:7014: $? = 0
configure:7052: result: ok
configure:7089: checking for sysroot
configure:7119: result: no
configure:7196: gcc -std=gnu99 -c -g -O2  conftest.c >&5
configure:7199: $? = 0
configure:7388: checking for mt
configure:7418: result: no
configure:7438: checking if : is a manifest tool
configure:7444: : '-?'
configure:7452: result: no
configure:8094: checking how to run the C preprocessor
configure:8125: gcc -std=gnu99 -E  conftest.c
configure:8125: $? = 0
configure:8139: gcc -std=gnu99 -E  conftest.c
conftest.c:11:28: fatal error: ac_nonexistent.h: No such file or directory
 #include <ac_nonexistent.h>
                            ^
compilation terminated.
configure:8139: $? = 1
configure: failed program was:
| /* confdefs.h */
| #define PACKAGE_NAME "libsapo-broker2"
| #define PACKAGE_TARNAME "libsapo-broker2"
| #define PACKAGE_VERSION "2.1.0"
| #define PACKAGE_STRING "libsapo-broker2 2.1.0"
| #define PACKAGE_BUGREPORT "c.valente@co.sapo.pt"
| #define PACKAGE_URL ""
| #define PACKAGE "libsapo-broker2"
| #define VERSION "2.1.0"
| /* end confdefs.h.  */
| #include <ac_nonexistent.h>
configure:8164: result: gcc -std=gnu99 -E
configure:8184: gcc -std=gnu99 -E  conftest.c
configure:8184: $? = 0
configure:8198: gcc -std=gnu99 -E  conftest.c
conftest.c:11:28: fatal error: ac_nonexistent.h: No such file or directory
 #include <ac_nonexistent.h>
                            ^
compilation terminated.
configure:8198: $? = 1
configure: failed program was:
| /* confdefs.h */
| #define PACKAGE_NAME "libsapo-broker2"
| #define PACKAGE_TARNAME "libsapo-broker2"
| #define PACKAGE_VERSION "2.1.0"
| #define PACKAGE_STRING "libsapo-broker2 2.1.0"
| #define PACKAGE_BUGREPORT "c.valente@co.sapo.pt"
| #define PACKAGE_URL ""
| #define PACKAGE "libsapo-broker2"
| #define VERSION "2.1.0"
| /* end confdefs.h.  */
| #include <ac_nonexistent.h>
configure:8227: checking for ANSI C header files
configure:8247: gcc -std=gnu99 -c -g -O2  conftest.c >&5
configure:8247: $? = 0
configure:8320: gcc -std=gnu99 -o conftest -g -O2   conftest.c  >&5
configure:8320: $? = 0
configure:8320: ./conftest
configure:8320: $? = 0
configure:8331: result: yes
configure:8344: checking for sys/types.h
configure:8344: gcc -std=gnu99 -c -g -O2  conftest.c >&5
configure:8344: $? = 0
configure:8344: result: yes
configure:8344: checking for sys/stat.h
configure:8344: gcc -std=gnu99 -c -g -O2  conftest.c >&5
configure:8344: $? = 0
configure:8344: result: yes
configure:8344: checking for stdlib.h
configure:8344: gcc -std=gnu99 -c -g -O2  conftest.c >&5
configure:8344: $? = 0
configure:8344: result: yes
configure:8344: checking for string.h
configure:8344: gcc -std=gnu99 -c -g -O2  conftest.c >&5
configure:8344: $? = 0
configure:8344: result: yes
configure:8344: checking for memory.h
configure:8344: gcc -std=gnu99 -c -g -O2  conftest.c >&5
configure:8344: $? = 0
configure:8344: result: yes
configure:8344: checking for strings.h
configure:8344: gcc -std=gnu99 -c -g -O2  conftest.c >&5
configure:8344: $? = 0
configure:8344: result: yes
configure:8344: checking for inttypes.h
configure:8344: gcc -std=gnu99 -c -g -O2  conftest.c >&5
configure:8344: $? = 0
configure:8344: result: yes
configure:8344: checking for stdint.h
configure:8344: gcc -std=gnu99 -c -g -O2  conftest.c >&5
configure:8344: $? = 0
configure:8344: result: yes
configure:8344: checking for unistd.h
configure:8344: gcc -std=gnu99 -c -g -O2  conftest.c >&5
configure:8344: $? = 0
configure:8344: result: yes
configure:8358: checking for dlfcn.h
configure:8358: gcc -std=gnu99 -c -g -O2  conftest.c >&5
configure:8358: $? = 0
configure:8358: result: yes
configure:8575: checking for objdir
configure:8590: result: .libs
configure:8861: checking if gcc -std=gnu99 supports -fno-rtti -fno-exceptions
configure:8879: gcc -std=gnu99 -c -g -O2  -fno-rtti -fno-exceptions conftest.c >&5
cc1: warning: command line option '-fno-rtti' is valid for C++/ObjC++ but not for C
configure:8883: $? = 0
configure:8896: result: no
configure:9223: checking for gcc -std=gnu99 option to produce PIC
configure:9230: result: -fPIC -DPIC
configure:9238: checking if gcc -std=gnu99 PIC flag -fPIC -DPIC works
configure:9256: gcc -std=gnu99 -c -g -O2  -fPIC -DPIC -DPIC conftest.c >&5
configure:9260: $? = 0
configure:9273: result: yes
configure:9302: checking if gcc -std=gnu99 static flag -static works
configure:9330: result: yes
configure:9345: checking if gcc -std=gnu99 supports -c -o file.o
configure:9366: gcc -std=gnu99 -c -g -O2  -o out/conftest2.o conftest.c >&5
configure:9370: $? = 0
configure:9392: result: yes
configure:9400: checking if gcc -std=gnu99 supports -c -o file.o
configure:9447: result: yes
configure:9480: checking whether the gcc -std=gnu99 linker (/usr/bin/ld -m elf_x86_64) supports shared libraries
configure:10637: result: yes
configure:10674: checking whether -lc should be explicitly linked in
configure:10682: gcc -std=gnu99 -c -g -O2  conftest.c >&5
configure:10685: $? = 0
configure:10700: gcc -std=gnu99 -shared  -fPIC -DPIC conftest.o  -v -Wl,-soname -Wl,conftest -o conftest 2\>\&1 \| /bin/grep  -lc  \>/dev/null 2\>\&1
configure:10703: $? = 0
configure:10717: result: no
configure:10877: checking dynamic linker characteristics
configure:11377: gcc -std=gnu99 -o conftest -g -O2   -Wl,-rpath -Wl,/foo conftest.c  >&5
configure:11377: $? = 0
configure:11611: result: GNU/Linux ld.so
configure:11718: checking how to hardcode library paths into programs
configure:11743: result: immediate
configure:12283: checking whether stripping libraries is possible
configure:12288: result: yes
configure:12323: checking if libtool supports shared libraries
configure:12325: result: yes
configure:12328: checking whether to build shared libraries
configure:12349: result: yes
configure:12352: checking whether to build static libraries
configure:12356: result: yes
configure:12379: checking how to run the C++ preprocessor
configure:12406: g++ -E  conftest.cpp
configure:12406: $? = 0
configure:12420: g++ -E  conftest.cpp
conftest.cpp:23:28: fatal error: ac_nonexistent.h: No such file or directory
 #include <ac_nonexistent.h>
                            ^
compilation terminated.
configure:12420: $? = 1
configure: failed program was:
| /* confdefs.h */
| #define PACKAGE_NAME "libsapo-broker2"
| #define PACKAGE_TARNAME "libsapo-broker2"
| #define PACKAGE_VERSION "2.1.0"
| #define PACKAGE_STRING "libsapo-broker2 2.1.0"
| #define PACKAGE_BUGREPORT "c.valente@co.sapo.pt"
| #define PACKAGE_URL ""
| #define PACKAGE "libsapo-broker2"
| #define VERSION "2.1.0"
| #define STDC_HEADERS 1
| #define HAVE_SYS_TYPES_H 1
| #define HAVE_SYS_STAT_H 1
| #define HAVE_STDLIB_H 1
| #define HAVE_STRING_H 1
| #define HAVE_MEMORY_H 1
| #define HAVE_STRINGS_H 1
| #define HAVE_INTTYPES_H 1
| #define HAVE_STDINT_H 1
| #define HAVE_UNISTD_H 1
| #define HAVE_DLFCN_H 1
| #define LT_OBJDIR ".libs/"
| /* end confdefs.h.  */
| #include <ac_nonexistent.h>
configure:12445: result: g++ -E
configure:12465: g++ -E  conftest.cpp
configure:12465: $? = 0
configure:12479: g++ -E  conftest.cpp
conftest.cpp:23:28: fatal error: ac_nonexistent.h: No such file or directory
 #include <ac_nonexistent.h>
                            ^
compilation terminated.
configure:12479: $? = 1
configure: failed program was:
| /* confdefs.h */
| #define PACKAGE_NAME "libsapo-broker2"
| #define PACKAGE_TARNAME "libsapo-broker2"
| #define PACKAGE_VERSION "2.1.0"
| #define PACKAGE_STRING "libsapo-broker2 2.1.0"
| #define PACKAGE_BUGREPORT "c.valente@co.sapo.pt"
| #define PACKAGE_URL ""
| #define PACKAGE "libsapo-broker2"
| #define VERSION "2.1.0"
| #define STDC_HEADERS 1
| #define HAVE_SYS_TYPES_H 1
| #define HAVE_SYS_STAT_H 1
| #define HAVE_STDLIB_H 1
| #define HAVE_STRING_H 1
| #define HAVE_MEMORY_H 1
| #define HAVE_STRINGS_H 1
| #define HAVE_INTTYPES_H 1
| #define HAVE_STDINT_H 1
| #define HAVE_UNISTD_H 1
| #define HAVE_DLFCN_H 1
| #define LT_OBJDIR ".libs/"
| /* end confdefs.h.  */
| #include <ac_nonexistent.h>
configure:12648: checking for ld used by g++
configure:12715: result: /usr/bin/ld -m elf_x86_64
configure:12722: checking if the linker (/usr/bin/ld -m elf_x86_64) is GNU ld
configure:12737: result: yes
configure:12792: checking whether the g++ linker (/usr/bin/ld -m elf_x86_64) supports shared libraries
configure:13794: result: yes
configure:13830: g++ -c -g -O2  conftest.cpp >&5
configure:13833: $? = 0
configure:14353: checking for g++ option to produce PIC
configure:14360: result: -fPIC -DPIC
configure:14368: checking if g++ PIC flag -fPIC -DPIC works
configure:14386: g++ -c -g -O2  -fPIC -DPIC -DPIC conftest.cpp >&5
configure:14390: $? = 0
configure:14403: result: yes
configure:14426: checking if g++ static flag -static works
configure:14454: result: yes
configure:14466: checking if g++ supports -c -o file.o
configure:14487: g++ -c -g -O2  -o out/conftest2.o conftest.cpp >&5
configure:14491: $? = 0
configure:14513: result: yes
configure:14518: checking if g++ supports -c -o file.o
configure:14565: result: yes
configure:14595: checking whether the g++ linker (/usr/bin/ld -m elf_x86_64) supports shared libraries
configure:14634: result: yes
configure:14775: checking dynamic linker characteristics
configure:15443: result: GNU/Linux ld.so
configure:15496: checking how to hardcode library paths into programs
configure:15521: result: immediate
configure:15589: checking arpa/inet.h usability
configure:15589: gcc -std=gnu99 -c -g -O2  conftest.c >&5
configure:15589: $? = 0
configure:15589: result: yes
configure:15589: checking arpa/inet.h presence
configure:15589: gcc -std=gnu99 -E  conftest.c
configure:15589: $? = 0
configure:15589: result: yes
configure:15589: checking for arpa/inet.h
configure:15589: result: yes
configure:15589: checking fcntl.h usability
configure:15589: gcc -std=gnu99 -c -g -O2  conftest.c >&5
configure:15589: $? = 0
configure:15589: result: yes
configure:15589: checking fcntl.h presence
configure:15589: gcc -std=gnu99 -E  conftest.c
configure:15589: $? = 0
configure:15589: result: yes
configure:15589: checking for fcntl.h
configure:15589: result: yes
configure:15589: checking netdb.h usability
configure:15589: gcc -std=gnu99 -c -g -O2  conftest.c >&5
configure:15589: $? = 0
configure:15589: result: yes
configure:15589: checking netdb.h presence
configure:15589: gcc -std=gnu99 -E  conftest.c
configure:15589: $? = 0
configure:15589: result: yes
configure:15589: checking for netdb.h
configure:15589: result: yes
configure:15589: checking for stdint.h
configure:15589: result: yes
configure:15589: checking for stdlib.h
configure:15589: result: yes
configure:15589: checking for string.h
configure:15589: result: yes
configure:15589: checking for strings.h
configure:15589: result: yes
configure:15589: checking sys/socket.h usability
configure:15589: gcc -std=gnu99 -c -g -O2  conftest.c >&5
configure:15589: $? = 0
configure:15589: result: yes
configure:15589: checking sys/socket.h presence
configure:15589: gcc -std=gnu99 -E  conftest.c
configure:15589: $? = 0
configure:15589: result: yes
configure:15589: checking for sys/socket.h
configure:15589: result: yes
configure:15589: checking sys/time.h usability
configure:15589: gcc -std=gnu99 -c -g -O2  conftest.c >&5
configure:15589: $? = 0
configure:15589: result: yes
configure:15589: checking sys/time.h presence
configure:15589: gcc -std=gnu99 -E  conftest.c
configure:15589: $? = 0
configure:15589: result: yes
configure:15589: checking for sys/time.h
configure:15589: result: yes
configure:15589: checking for unistd.h
configure:15589: result: yes
configure:15601: checking for stdbool.h that conforms to C99
configure:15668: gcc -std=gnu99 -c -g -O2  conftest.c >&5
configure:15668: $? = 0
configure:15675: result: yes
configure:15677: checking for _Bool
configure:15677: gcc -std=gnu99 -c -g -O2  conftest.c >&5
configure:15677: $? = 0
configure:15677: gcc -std=gnu99 -c -g -O2  conftest.c >&5
conftest.c: In function 'main':
conftest.c:69:20: error: expected expression before ')' token
 if (sizeof ((_Bool)))
                    ^
configure:15677: $? = 1
configure: failed program was:
| /* confdefs.h */
| #define PACKAGE_NAME "libsapo-broker2"
| #define PACKAGE_TARNAME "libsapo-broker2"
| #define PACKAGE_VERSION "2.1.0"
| #define PACKAGE_STRING "libsapo-broker2 2.1.0"
| #define PACKAGE_BUGREPORT "c.valente@co.sapo.pt"
| #define PACKAGE_URL ""
| #define PACKAGE "libsapo-broker2"
| #define VERSION "2.1.0"
| #define STDC_HEADERS 1
| #define HAVE_SYS_TYPES_H 1
| #define HAVE_SYS_STAT_H 1
| #define HAVE_STDLIB_H 1
| #define HAVE_STRING_H 1
| #define HAVE_MEMORY_H 1
| #define HAVE_STRINGS_H 1
| #define HAVE_INTTYPES_H 1
| #define HAVE_STDINT_H 1
| #define HAVE_UNISTD_H 1
| #define HAVE_DLFCN_H 1
| #define LT_OBJDIR ".libs/"
| #define HAVE_ARPA_INET_H 1
| #define HAVE_FCNTL_H 1
| #define HAVE_NETDB_H 1
| #define HAVE_STDINT_H 1
| #define HAVE_STDLIB_H 1
| #define HAVE_STRING_H 1
| #define HAVE_STRINGS_H 1
| #define HAVE_SYS_SOCKET_H 1
| #define HAVE_SYS_TIME_H 1
| #define HAVE_UNISTD_H 1
| /* end confdefs.h.  */
| #include <stdio.h>
| #ifdef HAVE_SYS_TYPES_H
| # include <sys/types.h>
| #endif
| #ifdef HAVE_SYS_STAT_H
| # include <sys/stat.h>
| #endif
| #ifdef STDC_HEADERS
| # include <stdlib.h>
| # include <stddef.h>
| #else
| # ifdef HAVE_STDLIB_H
| #  include <stdlib.h>
| # endif
| #endif
| #ifdef HAVE_STRING_H
| # if !defined STDC_HEADERS && defined HAVE_MEMORY_H
| #  include <memory.h>
| # endif
| # include <string.h>
| #endif
| #ifdef HAVE_STRINGS_H
| # include <strings.h>
| #endif
| #ifdef HAVE_INTTYPES_H
| # include <inttypes.h>
| #endif
| #ifdef HAVE_STDINT_H
| # include <stdint.h>
| #endif
| #ifdef HAVE_UNISTD_H
| # include <unistd.h>
| #endif
| int
| main ()
| {
| if (sizeof ((_Bool)))
| 	    return 0;
|   ;
|   return 0;
| }
configure:15677: result: yes
configure:15694: checking for int64_t
configure:15694: gcc -std=gnu99 -c -g -O2  conftest.c >&5
configure:15694: $? = 0
configure:15694: gcc -std=gnu99 -c -g -O2  conftest.c >&5
conftest.c: In function 'main':
conftest.c:73:53: warning: integer overflow in expression [-Woverflow]
    < (int64_t) (((((int64_t) 1 << N) << N) - 1) * 2 + 2))];
                                                     ^
conftest.c:72:12: error: storage size of 'test_array' isn't constant
 static int test_array [1 - 2 * !((int64_t) (((((int64_t) 1 << N) << N) - 1) * 2 + 1)
            ^
configure:15694: $? = 1
configure: failed program was:
| /* confdefs.h */
| #define PACKAGE_NAME "libsapo-broker2"
| #define PACKAGE_TARNAME "libsapo-broker2"
| #define PACKAGE_VERSION "2.1.0"
| #define PACKAGE_STRING "libsapo-broker2 2.1.0"
| #define PACKAGE_BUGREPORT "c.valente@co.sapo.pt"
| #define PACKAGE_URL ""
| #define PACKAGE "libsapo-broker2"
| #define VERSION "2.1.0"
| #define STDC_HEADERS 1
| #define HAVE_SYS_TYPES_H 1
| #define HAVE_SYS_STAT_H 1
| #define HAVE_STDLIB_H 1
| #define HAVE_STRING_H 1
| #define HAVE_MEMORY_H 1
| #define HAVE_STRINGS_H 1
| #define HAVE_INTTYPES_H 1
| #define HAVE_STDINT_H 1
| #define HAVE_UNISTD_H 1
| #define HAVE_DLFCN_H 1
| #define LT_OBJDIR ".libs/"
| #define HAVE_ARPA_INET_H 1
| #define HAVE_FCNTL_H 1
| #define HAVE_NETDB_H 1
| #define HAVE_STDINT_H 1
| #define HAVE_STDLIB_H 1
| #define HAVE_STRING_H 1
| #define HAVE_STRINGS_H 1
| #define HAVE_SYS_SOCKET_H 1
| #define HAVE_SYS_TIME_H 1
| #define HAVE_UNISTD_H 1
| #define HAVE__BOOL 1
| #define HAVE_STDBOOL_H 1
| /* end confdefs.h.  */
| #include <stdio.h>
| #ifdef HAVE_SYS_TYPES_H
| # include <sys/types.h>
| #endif
| #ifdef HAVE_SYS_STAT_H
| # include <sys/stat.h>
| #endif
| #ifdef STDC_HEADERS
| # include <stdlib.h>
| # include <stddef.h>
| #else
| # ifdef HAVE_STDLIB_H
| #  include <stdlib.h>
| # endif
| #endif
| #ifdef HAVE_STRING_H
| # if !defined STDC_HEADERS && defined HAVE_MEMORY_H
| #  include <memory.h>
| # endif
| # include <string.h>
| #endif
| #ifdef HAVE_STRINGS_H
| # include <strings.h>
| #endif
| #ifdef HAVE_INTTYPES_H
| # include <inttypes.h>
| #endif
| #ifdef HAVE_STDINT_H
| # include <stdint.h>
| #endif
| #ifdef HAVE_UNISTD_H
| # include <unistd.h>
| #endif
| 	        enum { N = 64 / 2 - 1 };
| int
| main ()
| {
| static int test_array [1 - 2 * !((int64_t) (((((int64_t) 1 << N) << N) - 1) * 2 + 1)
| 		 < (int64_t) (((((int64_t) 1 << N) << N) - 1) * 2 + 2))];
| test_array [0] = 0;
| return test_array [0];
| 
|   ;
|   return 0;
| }
configure:15694: result: yes
configure:15705: checking for size_t
configure:15705: gcc -std=gnu99 -c -g -O2  conftest.c >&5
configure:15705: $? = 0
configure:15705: gcc -std=gnu99 -c -g -O2  conftest.c >&5
conftest.c: In function 'main':
conftest.c:71:21: error: expected expression before ')' token
 if (sizeof ((size_t)))
                     ^
configure:15705: $? = 1
configure: failed program was:
| /* confdefs.h */
| #define PACKAGE_NAME "libsapo-broker2"
| #define PACKAGE_TARNAME "libsapo-broker2"
| #define PACKAGE_VERSION "2.1.0"
| #define PACKAGE_STRING "libsapo-broker2 2.1.0"
| #define PACKAGE_BUGREPORT "c.valente@co.sapo.pt"
| #define PACKAGE_URL ""
| #define PACKAGE "libsapo-broker2"
| #define VERSION "2.1.0"
| #define STDC_HEADERS 1
| #define HAVE_SYS_TYPES_H 1
| #define HAVE_SYS_STAT_H 1
| #define HAVE_STDLIB_H 1
| #define HAVE_STRING_H 1
| #define HAVE_MEMORY_H 1
| #define HAVE_STRINGS_H 1
| #define HAVE_INTTYPES_H 1
| #define HAVE_STDINT_H 1
| #define HAVE_UNISTD_H 1
| #define HAVE_DLFCN_H 1
| #define LT_OBJDIR ".libs/"
| #define HAVE_ARPA_INET_H 1
| #define HAVE_FCNTL_H 1
| #define HAVE_NETDB_H 1
| #define HAVE_STDINT_H 1
| #define HAVE_STDLIB_H 1
| #define HAVE_STRING_H 1
| #define HAVE_STRINGS_H 1
| #define HAVE_SYS_SOCKET_H 1
| #define HAVE_SYS_TIME_H 1
| #define HAVE_UNISTD_H 1
| #define HAVE__BOOL 1
| #define HAVE_STDBOOL_H 1
| /* end confdefs.h.  */
| #include <stdio.h>
| #ifdef HAVE_SYS_TYPES_H
| # include <sys/types.h>
| #endif
| #ifdef HAVE_SYS_STAT_H
| # include <sys/stat.h>
| #endif
| #ifdef STDC_HEADERS
| # include <stdlib.h>
| # include <stddef.h>
| #else
| # ifdef HAVE_STDLIB_H
| #  include <stdlib.h>
| # endif
| #endif
| #ifdef HAVE_STRING_H
| # if !defined STDC_HEADERS && defined HAVE_MEMORY_H
| #  include <memory.h>
| # endif
| # include <string.h>
| #endif
| #ifdef HAVE_STRINGS_H
| # include <strings.h>
| #endif
| #ifdef HAVE_INTTYPES_H
| # include <inttypes.h>
| #endif
| #ifdef HAVE_STDINT_H
| # include <stdint.h>
| #endif
| #ifdef HAVE_UNISTD_H
| # include <unistd.h>
| #endif
| int
| main ()
| {
| if (sizeof ((size_t)))
| 	    return 0;
|   ;
|   return 0;
| }
configure:15705: result: yes
configure:15716: checking for ssize_t
configure:15716: gcc -std=gnu99 -c -g -O2  conftest.c >&5
configure:15716: $? = 0
configure:15716: gcc -std=gnu99 -c -g -O2  conftest.c >&5
conftest.c: In function 'main':
conftest.c:71:22: error: expected expression before ')' token
 if (sizeof ((ssize_t)))
                      ^
configure:15716: $? = 1
configure: failed program was:
| /* confdefs.h */
| #define PACKAGE_NAME "libsapo-broker2"
| #define PACKAGE_TARNAME "libsapo-broker2"
| #define PACKAGE_VERSION "2.1.0"
| #define PACKAGE_STRING "libsapo-broker2 2.1.0"
| #define PACKAGE_BUGREPORT "c.valente@co.sapo.pt"
| #define PACKAGE_URL ""
| #define PACKAGE "libsapo-broker2"
| #define VERSION "2.1.0"
| #define STDC_HEADERS 1
| #define HAVE_SYS_TYPES_H 1
| #define HAVE_SYS_STAT_H 1
| #define HAVE_STDLIB_H 1
| #define HAVE_STRING_H 1
| #define HAVE_MEMORY_H 1
| #define HAVE_STRINGS_H 1
| #define HAVE_INTTYPES_H 1
| #define HAVE_STDINT_H 1
| #define HAVE_UNISTD_H 1
| #define HAVE_DLFCN_H 1
| #define LT_OBJDIR ".libs/"
| #define HAVE_ARPA_INET_H 1
| #define HAVE_FCNTL_H 1
| #define HAVE_NETDB_H 1
| #define HAVE_STDINT_H 1
| #define HAVE_STDLIB_H 1
| #define HAVE_STRING_H 1
| #define HAVE_STRINGS_H 1
| #define HAVE_SYS_SOCKET_H 1
| #define HAVE_SYS_TIME_H 1
| #define HAVE_UNISTD_H 1
| #define HAVE__BOOL 1
| #define HAVE_STDBOOL_H 1
| /* end confdefs.h.  */
| #include <stdio.h>
| #ifdef HAVE_SYS_TYPES_H
| # include <sys/types.h>
| #endif
| #ifdef HAVE_SYS_STAT_H
| # include <sys/stat.h>
| #endif
| #ifdef STDC_HEADERS
| # include <stdlib.h>
| # include <stddef.h>
| #else
| # ifdef HAVE_STDLIB_H
| #  include <stdlib.h>
| # endif
| #endif
| #ifdef HAVE_STRING_H
| # if !defined STDC_HEADERS && defined HAVE_MEMORY_H
| #  include <memory.h>
| # endif
| # include <string.h>
| #endif
| #ifdef HAVE_STRINGS_H
| # include <strings.h>
| #endif
| #ifdef HAVE_INTTYPES_H
| # include <inttypes.h>
| #endif
| #ifdef HAVE_STDINT_H
| # include <stdint.h>
| #endif
| #ifdef HAVE_UNISTD_H
| # include <unistd.h>
| #endif
| int
| main ()
| {
| if (sizeof ((ssize_t)))
| 	    return 0;
|   ;
|   return 0;
| }
configure:15716: result: yes
configure:15727: checking for uint16_t
configure:15727: gcc -std=gnu99 -c -g -O2  conftest.c >&5
configure:15727: $? = 0
configure:15727: result: yes
configure:15739: checking for uint32_t
configure:15739: gcc -std=gnu99 -c -g -O2  conftest.c >&5
configure:15739: $? = 0
configure:15739: result: yes
configure:15753: checking for uint64_t
configure:15753: gcc -std=gnu99 -c -g -O2  conftest.c >&5
configure:15753: $? = 0
configure:15753: result: yes
configure:15767: checking for uint8_t
configure:15767: gcc -std=gnu99 -c -g -O2  conftest.c >&5
configure:15767: $? = 0
configure:15767: result: yes
configure:15782: checking for an ANSI C-conforming const
configure:15848: gcc -std=gnu99 -c -g -O2  conftest.c >&5
configure:15848: $? = 0
configure:15855: result: yes
configure:15863: checking for inline
configure:15879: gcc -std=gnu99 -c -g -O2  conftest.c >&5
configure:15879: $? = 0
configure:15887: result: inline
configure:15905: checking for stdbool.h that conforms to C99
configure:15979: result: yes
configure:15981: checking for _Bool
configure:15981: result: yes
configure:15998: checking for size_t
configure:15998: result: yes
configure:16013: checking for stdlib.h
configure:16013: result: yes
configure:16023: checking for GNU libc compatible malloc
configure:16047: gcc -std=gnu99 -o conftest -g -O2   conftest.c  >&5
configure:16047: $? = 0
configure:16047: ./conftest
configure:16047: $? = 0
configure:16057: result: yes
configure:16080: checking for stdlib.h
configure:16080: result: yes
configure:16090: checking for GNU libc compatible realloc
configure:16114: gcc -std=gnu99 -o conftest -g -O2   conftest.c  >&5
configure:16114: $? = 0
configure:16114: ./conftest
configure:16114: $? = 0
configure:16124: result: yes
configure:16148: checking for bzero
configure:16148: gcc -std=gnu99 -o conftest -g -O2   conftest.c  >&5
conftest.c:64:6: warning: conflicting types for built-in function 'bzero'
 char bzero ();
      ^
configure:16148: $? = 0
configure:16148: result: yes
configure:16148: checking for gethostbyname
configure:16148: gcc -std=gnu99 -o conftest -g -O2   conftest.c  >&5
configure:16148: $? = 0
configure:16148: result: yes
configure:16148: checking for memset
configure:16148: gcc -std=gnu99 -o conftest -g -O2   conftest.c  >&5
conftest.c:66:6: warning: conflicting types for built-in function 'memset'
 char memset ();
      ^
configure:16148: $? = 0
configure:16148: result: yes
configure:16148: checking for select
configure:16148: gcc -std=gnu99 -o conftest -g -O2   conftest.c  >&5
configure:16148: $? = 0
configure:16148: result: yes
configure:16148: checking for socket
configure:16148: gcc -std=gnu99 -o conftest -g -O2   conftest.c  >&5
configure:16148: $? = 0
configure:16148: result: yes
configure:16148: checking for strchr
configure:16148: gcc -std=gnu99 -o conftest -g -O2   conftest.c  >&5
conftest.c:69:6: warning: conflicting types for built-in function 'strchr'
 char strchr ();
      ^
configure:16148: $? = 0
configure:16148: result: yes
configure:16148: checking for strerror
configure:16148: gcc -std=gnu99 -o conftest -g -O2   conftest.c  >&5
configure:16148: $? = 0
configure:16148: result: yes
configure:16214: checking for pkg-config
configure:16232: found /usr/bin/pkg-config
configure:16244: result: /usr/bin/pkg-config
configure:16269: checking pkg-config is at least version 0.9.0
configure:16272: result: yes
configure:16282: checking for PROTOBUF
configure:16289: $PKG_CONFIG --exists --print-errors "protobuf"
configure:16292: $? = 0
configure:16306: $PKG_CONFIG --exists --print-errors "protobuf"
configure:16309: $? = 0
configure:16349: result: yes
configure:16356: checking for protoc
configure:16374: found /usr/bin/protoc
configure:16386: result: /usr/bin/protoc
configure:16567: checking for the pthreads library -lpthreads
configure:16600: gcc -std=gnu99 -o conftest -g -O2     conftest.c -lpthreads   >&5
/usr/bin/ld: cannot find -lpthreads
collect2: error: ld returned 1 exit status
configure:16600: $? = 1
configure: failed program was:
| /* confdefs.h */
| #define PACKAGE_NAME "libsapo-broker2"
| #define PACKAGE_TARNAME "libsapo-broker2"
| #define PACKAGE_VERSION "2.1.0"
| #define PACKAGE_STRING "libsapo-broker2 2.1.0"
| #define PACKAGE_BUGREPORT "c.valente@co.sapo.pt"
| #define PACKAGE_URL ""
| #define PACKAGE "libsapo-broker2"
| #define VERSION "2.1.0"
| #define STDC_HEADERS 1
| #define HAVE_SYS_TYPES_H 1
| #define HAVE_SYS_STAT_H 1
| #define HAVE_STDLIB_H 1
| #define HAVE_STRING_H 1
| #define HAVE_MEMORY_H 1
| #define HAVE_STRINGS_H 1
| #define HAVE_INTTYPES_H 1
| #define HAVE_STDINT_H 1
| #define HAVE_UNISTD_H 1
| #define HAVE_DLFCN_H 1
| #define LT_OBJDIR ".libs/"
| #define HAVE_ARPA_INET_H 1
| #define HAVE_FCNTL_H 1
| #define HAVE_NETDB_H 1
| #define HAVE_STDINT_H 1
| #define HAVE_STDLIB_H 1
| #define HAVE_STRING_H 1
| #define HAVE_STRINGS_H 1
| #define HAVE_SYS_SOCKET_H 1
| #define HAVE_SYS_TIME_H 1
| #define HAVE_UNISTD_H 1
| #define HAVE__BOOL 1
| #define HAVE_STDBOOL_H 1
| #define HAVE__BOOL 1
| #define HAVE_STDBOOL_H 1
| #define HAVE_STDLIB_H 1
| #define HAVE_MALLOC 1
| #define HAVE_STDLIB_H 1
| #define HAVE_REALLOC 1
| #define HAVE_BZERO 1
| #define HAVE_GETHOSTBYNAME 1
| #define HAVE_MEMSET 1
| #define HAVE_SELECT 1
| #define HAVE_SOCKET 1
| #define HAVE_STRCHR 1
| #define HAVE_STRERROR 1
| /* end confdefs.h.  */
| #include <pthread.h>
| int
| main ()
| {
| pthread_t th; pthread_join(th, 0);
|                      pthread_attr_init(0); pthread_cleanup_push(0, 0);
|                      pthread_create(0,0,0,0); pthread_cleanup_pop(0);
|   ;
|   return 0;
| }
configure:16634: result: no
configure:16510: checking whether pthreads work without any flags
configure:16600: gcc -std=gnu99 -o conftest -g -O2     conftest.c    >&5
/tmp/ccIddGAo.o: In function `main':
/broker/clients/c-component/libsapo-broker2/conftest.c:52: undefined reference to `pthread_join'
/broker/clients/c-component/libsapo-broker2/conftest.c:53: undefined reference to `__pthread_register_cancel'
/broker/clients/c-component/libsapo-broker2/conftest.c:54: undefined reference to `pthread_create'
/broker/clients/c-component/libsapo-broker2/conftest.c:54: undefined reference to `__pthread_unregister_cancel'
collect2: error: ld returned 1 exit status
configure:16600: $? = 1
configure: failed program was:
| /* confdefs.h */
| #define PACKAGE_NAME "libsapo-broker2"
| #define PACKAGE_TARNAME "libsapo-broker2"
| #define PACKAGE_VERSION "2.1.0"
| #define PACKAGE_STRING "libsapo-broker2 2.1.0"
| #define PACKAGE_BUGREPORT "c.valente@co.sapo.pt"
| #define PACKAGE_URL ""
| #define PACKAGE "libsapo-broker2"
| #define VERSION "2.1.0"
| #define STDC_HEADERS 1
| #define HAVE_SYS_TYPES_H 1
| #define HAVE_SYS_STAT_H 1
| #define HAVE_STDLIB_H 1
| #define HAVE_STRING_H 1
| #define HAVE_MEMORY_H 1
| #define HAVE_STRINGS_H 1
| #define HAVE_INTTYPES_H 1
| #define HAVE_STDINT_H 1
| #define HAVE_UNISTD_H 1
| #define HAVE_DLFCN_H 1
| #define LT_OBJDIR ".libs/"
| #define HAVE_ARPA_INET_H 1
| #define HAVE_FCNTL_H 1
| #define HAVE_NETDB_H 1
| #define HAVE_STDINT_H 1
| #define HAVE_STDLIB_H 1
| #define HAVE_STRING_H 1
| #define HAVE_STRINGS_H 1
| #define HAVE_SYS_SOCKET_H 1
| #define HAVE_SYS_TIME_H 1
| #define HAVE_UNISTD_H 1
| #define HAVE__BOOL 1
| #define HAVE_STDBOOL_H 1
| #define HAVE__BOOL 1
| #define HAVE_STDBOOL_H 1
| #define HAVE_STDLIB_H 1
| #define HAVE_MALLOC 1
| #define HAVE_STDLIB_H 1
| #define HAVE_REALLOC 1
| #define HAVE_BZERO 1
| #define HAVE_GETHOSTBYNAME 1
| #define HAVE_MEMSET 1
| #define HAVE_SELECT 1
| #define HAVE_SOCKET 1
| #define HAVE_STRCHR 1
| #define HAVE_STRERROR 1
| /* end confdefs.h.  */
| #include <pthread.h>
| int
| main ()
| {
| pthread_t th; pthread_join(th, 0);
|                      pthread_attr_init(0); pthread_cleanup_push(0, 0);
|                      pthread_create(0,0,0,0); pthread_cleanup_pop(0);
|   ;
|   return 0;
| }
configure:16634: result: no
configure:16515: checking whether pthreads work with -Kthread
configure:16600: gcc -std=gnu99 -o conftest -g -O2  -Kthread   conftest.c    >&5
gcc: error: unrecognized command line option '-Kthread'
configure:16600: $? = 1
configure: failed program was:
| /* confdefs.h */
| #define PACKAGE_NAME "libsapo-broker2"
| #define PACKAGE_TARNAME "libsapo-broker2"
| #define PACKAGE_VERSION "2.1.0"
| #define PACKAGE_STRING "libsapo-broker2 2.1.0"
| #define PACKAGE_BUGREPORT "c.valente@co.sapo.pt"
| #define PACKAGE_URL ""
| #define PACKAGE "libsapo-broker2"
| #define VERSION "2.1.0"
| #define STDC_HEADERS 1
| #define HAVE_SYS_TYPES_H 1
| #define HAVE_SYS_STAT_H 1
| #define HAVE_STDLIB_H 1
| #define HAVE_STRING_H 1
| #define HAVE_MEMORY_H 1
| #define HAVE_STRINGS_H 1
| #define HAVE_INTTYPES_H 1
| #define HAVE_STDINT_H 1
| #define HAVE_UNISTD_H 1
| #define HAVE_DLFCN_H 1
| #define LT_OBJDIR ".libs/"
| #define HAVE_ARPA_INET_H 1
| #define HAVE_FCNTL_H 1
| #define HAVE_NETDB_H 1
| #define HAVE_STDINT_H 1
| #define HAVE_STDLIB_H 1
| #define HAVE_STRING_H 1
| #define HAVE_STRINGS_H 1
| #define HAVE_SYS_SOCKET_H 1
| #define HAVE_SYS_TIME_H 1
| #define HAVE_UNISTD_H 1
| #define HAVE__BOOL 1
| #define HAVE_STDBOOL_H 1
| #define HAVE__BOOL 1
| #define HAVE_STDBOOL_H 1
| #define HAVE_STDLIB_H 1
| #define HAVE_MALLOC 1
| #define HAVE_STDLIB_H 1
| #define HAVE_REALLOC 1
| #define HAVE_BZERO 1
| #define HAVE_GETHOSTBYNAME 1
| #define HAVE_MEMSET 1
| #define HAVE_SELECT 1
| #define HAVE_SOCKET 1
| #define HAVE_STRCHR 1
| #define HAVE_STRERROR 1
| /* end confdefs.h.  */
| #include <pthread.h>
| int
| main ()
| {
| pthread_t th; pthread_join(th, 0);
|                      pthread_attr_init(0); pthread_cleanup_push(0, 0);
|                      pthread_create(0,0,0,0); pthread_cleanup_pop(0);
|   ;
|   return 0;
| }
configure:16634: result: no
configure:16515: checking whether pthreads work with -kthread
configure:16600: gcc -std=gnu99 -o conftest -g -O2  -kthread   conftest.c    >&5
gcc: error: unrecognized command line option '-kthread'
configure:16600: $? = 1
configure: failed program was:
| /* confdefs.h */
| #define PACKAGE_NAME "libsapo-broker2"
| #define PACKAGE_TARNAME "libsapo-broker2"
| #define PACKAGE_VERSION "2.1.0"
| #define PACKAGE_STRING "libsapo-broker2 2.1.0"
| #define PACKAGE_BUGREPORT "c.valente@co.sapo.pt"
| #define PACKAGE_URL ""
| #define PACKAGE "libsapo-broker2"
| #define VERSION "2.1.0"
| #define STDC_HEADERS 1
| #define HAVE_SYS_TYPES_H 1
| #define HAVE_SYS_STAT_H 1
| #define HAVE_STDLIB_H 1
| #define HAVE_STRING_H 1
| #define HAVE_MEMORY_H 1
| #define HAVE_STRINGS_H 1
| #define HAVE_INTTYPES_H 1
| #define HAVE_STDINT_H 1
| #define HAVE_UNISTD_H 1
| #define HAVE_DLFCN_H 1
| #define LT_OBJDIR ".libs/"
| #define HAVE_ARPA_INET_H 1
| #define HAVE_FCNTL_H 1
| #define HAVE_NETDB_H 1
| #define HAVE_STDINT_H 1
| #define HAVE_STDLIB_H 1
| #define HAVE_STRING_H 1
| #define HAVE_STRINGS_H 1
| #define HAVE_SYS_SOCKET_H 1
| #define HAVE_SYS_TIME_H 1
| #define HAVE_UNISTD_H 1
| #define HAVE__BOOL 1
| #define HAVE_STDBOOL_H 1
| #define HAVE__BOOL 1
| #define HAVE_STDBOOL_H 1
| #define HAVE_STDLIB_H 1
| #define HAVE_MALLOC 1
| #define HAVE_STDLIB_H 1
| #define HAVE_REALLOC 1
| #define HAVE_BZERO 1
| #define HAVE_GETHOSTBYNAME 1
| #define HAVE_MEMSET 1
| #define HAVE_SELECT 1
| #define HAVE_SOCKET 1
| #define HAVE_STRCHR 1
| #define HAVE_STRERROR 1
| /* end confdefs.h.  */
| #include <pthread.h>
| int
| main ()
| {
| pthread_t th; pthread_join(th, 0);
|                      pthread_attr_init(0); pthread_cleanup_push(0, 0);
|                      pthread_create(0,0,0,0); pthread_cleanup_pop(0);
|   ;
|   return 0;
| }
configure:16634: result: no
configure:16567: checking for the pthreads library -llthread
configure:16600: gcc -std=gnu99 -o conftest -g -O2     conftest.c -llthread   >&5
/usr/bin/ld: cannot find -llthread
collect2: error: ld returned 1 exit status
configure:16600: $? = 1
configure: failed program was:
| /* confdefs.h */
| #define PACKAGE_NAME "libsapo-broker2"
| #define PACKAGE_TARNAME "libsapo-broker2"
| #define PACKAGE_VERSION "2.1.0"
| #define PACKAGE_STRING "libsapo-broker2 2.1.0"
| #define PACKAGE_BUGREPORT "c.valente@co.sapo.pt"
| #define PACKAGE_URL ""
| #define PACKAGE "libsapo-broker2"
| #define VERSION "2.1.0"
| #define STDC_HEADERS 1
| #define HAVE_SYS_TYPES_H 1
| #define HAVE_SYS_STAT_H 1
| #define HAVE_STDLIB_H 1
| #define HAVE_STRING_H 1
| #define HAVE_MEMORY_H 1
| #define HAVE_STRINGS_H 1
| #define HAVE_INTTYPES_H 1
| #define HAVE_STDINT_H 1
| #define HAVE_UNISTD_H 1
| #define HAVE_DLFCN_H 1
| #define LT_OBJDIR ".libs/"
| #define HAVE_ARPA_INET_H 1
| #define HAVE_FCNTL_H 1
| #define HAVE_NETDB_H 1
| #define HAVE_STDINT_H 1
| #define HAVE_STDLIB_H 1
| #define HAVE_STRING_H 1
| #define HAVE_STRINGS_H 1
| #define HAVE_SYS_SOCKET_H 1
| #define HAVE_SYS_TIME_H 1
| #define HAVE_UNISTD_H 1
| #define HAVE__BOOL 1
| #define HAVE_STDBOOL_H 1
| #define HAVE__BOOL 1
| #define HAVE_STDBOOL_H 1
| #define HAVE_STDLIB_H 1
| #define HAVE_MALLOC 1
| #define HAVE_STDLIB_H 1
| #define HAVE_REALLOC 1
| #define HAVE_BZERO 1
| #define HAVE_GETHOSTBYNAME 1
| #define HAVE_MEMSET 1
| #define HAVE_SELECT 1
| #define HAVE_SOCKET 1
| #define HAVE_STRCHR 1
| #define HAVE_STRERROR 1
| /* end confdefs.h.  */
| #include <pthread.h>
| int
| main ()
| {
| pthread_t th; pthread_join(th, 0);
|                      pthread_attr_init(0); pthread_cleanup_push(0, 0);
|                      pthread_create(0,0,0,0); pthread_cleanup_pop(0);
|   ;
|   return 0;
| }
configure:16634: result: no
configure:16515: checking whether pthreads work with -pthread
configure:16600: gcc -std=gnu99 -o conftest -g -O2  -pthread   conftest.c    >&5
configure:16600: $? = 0
configure:16634: result: yes
configure:16515: checking whether pthreads work with -pthreads
configure:16600: gcc -std=gnu99 -o conftest -g -O2  -pthread -pthreads   conftest.c      >&5
gcc: error: unrecognized command line option '-pthreads'
configure:16600: $? = 1
configure: failed program was:
| /* confdefs.h */
| #define PACKAGE_NAME "libsapo-broker2"
| #define PACKAGE_TARNAME "libsapo-broker2"
| #define PACKAGE_VERSION "2.1.0"
| #define PACKAGE_STRING "libsapo-broker2 2.1.0"
| #define PACKAGE_BUGREPORT "c.valente@co.sapo.pt"
| #define PACKAGE_URL ""
| #define PACKAGE "libsapo-broker2"
| #define VERSION "2.1.0"
| #define STDC_HEADERS 1
| #define HAVE_SYS_TYPES_H 1
| #define HAVE_SYS_STAT_H 1
| #define HAVE_STDLIB_H 1
| #define HAVE_STRING_H 1
| #define HAVE_MEMORY_H 1
| #define HAVE_STRINGS_H 1
| #define HAVE_INTTYPES_H 1
| #define HAVE_STDINT_H 1
| #define HAVE_UNISTD_H 1
| #define HAVE_DLFCN_H 1
| #define LT_OBJDIR ".libs/"
| #define HAVE_ARPA_INET_H 1
| #define HAVE_FCNTL_H 1
| #define HAVE_NETDB_H 1
| #define HAVE_STDINT_H 1
| #define HAVE_STDLIB_H 1
| #define HAVE_STRING_H 1
| #define HAVE_STRINGS_H 1
| #define HAVE_SYS_SOCKET_H 1
| #define HAVE_SYS_TIME_H 1
| #define HAVE_UNISTD_H 1
| #define HAVE__BOOL 1
| #define HAVE_STDBOOL_H 1
| #define HAVE__BOOL 1
| #define HAVE_STDBOOL_H 1
| #define HAVE_STDLIB_H 1
| #define HAVE_MALLOC 1
| #define HAVE_STDLIB_H 1
| #define HAVE_REALLOC 1
| #define HAVE_BZERO 1
| #define HAVE_GETHOSTBYNAME 1
| #define HAVE_MEMSET 1
| #define HAVE_SELECT 1
| #define HAVE_SOCKET 1
| #define HAVE_STRCHR 1
| #define HAVE_STRERROR 1
| /* end confdefs.h.  */
| #include <pthread.h>
| int
| main ()
| {
| pthread_t th; pthread_join(th, 0);
|                      pthread_attr_init(0); pthread_cleanup_push(0, 0);
|                      pthread_create(0,0,0,0); pthread_cleanup_pop(0);
|   ;
|   return 0;
| }
configure:16634: result: no
configure:16515: checking whether pthreads work with -mthreads
configure:16600: gcc -std=gnu99 -o conftest -g -O2  -pthread -mthreads   conftest.c      >&5
gcc: error: unrecognized command line option '-mthreads'
configure:16600: $? = 1
configure: failed program was:
| /* confdefs.h */
| #define PACKAGE_NAME "libsapo-broker2"
| #define PACKAGE_TARNAME "libsapo-broker2"
| #define PACKAGE_VERSION "2.1.0"
| #define PACKAGE_STRING "libsapo-broker2 2.1.0"
| #define PACKAGE_BUGREPORT "c.valente@co.sapo.pt"
| #define PACKAGE_URL ""
| #define PACKAGE "libsapo-broker2"
| #define VERSION "2.1.0"
| #define STDC_HEADERS 1
| #define HAVE_SYS_TYPES_H 1
| #define HAVE_SYS_STAT_H 1
| #define HAVE_STDLIB_H 1
| #define HAVE_STRING_H 1
| #define HAVE_MEMORY_H 1
| #define HAVE_STRINGS_H 1
| #define HAVE_INTTYPES_H 1
| #define HAVE_STDINT_H 1
| #define HAVE_UNISTD_H 1
| #define HAVE_DLFCN_H 1
| #define LT_OBJDIR ".libs/"
| #define HAVE_ARPA_INET_H 1
| #define HAVE_FCNTL_H 1
| #define HAVE_NETDB_H 1
| #define HAVE_STDINT_H 1
| #define HAVE_STDLIB_H 1
| #define HAVE_STRING_H 1
| #define HAVE_STRINGS_H 1
| #define HAVE_SYS_SOCKET_H 1
| #define HAVE_SYS_TIME_H 1
| #define HAVE_UNISTD_H 1
| #define HAVE__BOOL 1
| #define HAVE_STDBOOL_H 1
| #define HAVE__BOOL 1
| #define HAVE_STDBOOL_H 1
| #define HAVE_STDLIB_H 1
| #define HAVE_MALLOC 1
| #define HAVE_STDLIB_H 1
| #define HAVE_REALLOC 1
| #define HAVE_BZERO 1
| #define HAVE_GETHOSTBYNAME 1
| #define HAVE_MEMSET 1
| #define HAVE_SELECT 1
| #define HAVE_SOCKET 1
| #define HAVE_STRCHR 1
| #define HAVE_STRERROR 1
| /* end confdefs.h.  */
| #include <pthread.h>
| int
| main ()
| {
| pthread_t th; pthread_join(th, 0);
|                      pthread_attr_init(0); pthread_cleanup_push(0, 0);
|                      pthread_create(0,0,0,0); pthread_cleanup_pop(0);
|   ;
|   return 0;
| }
configure:16634: result: no
configure:16567: checking for the pthreads library -lpthread
configure:16600: gcc -std=gnu99 -o conftest -g -O2  -pthread    conftest.c -lpthread     >&5
configure:16600: $? = 0
configure:16634: result: yes
configure:16648: checking for joinable pthread attribute
configure:16661: gcc -std=gnu99 -o conftest -g -O2  -pthread    conftest.c  -lpthread     >&5
configure:16661: $? = 0
configure:16693: result: PTHREAD_CREATE_JOINABLE
configure:16700: checking if more special flags are required for pthreads
configure:16708: result: no
configure:16723: checking for cc_r
configure:16751: result: gcc -std=gnu99
configure:16769: pthread found
configure:16803: Using default value "broker.labs.sapo.pt" for TEST_BROKER_HOST
configure:16813: Using default value "3323" for TEST_BROKER_TCP_PORT
configure:16823: Using default value "10000" for TEST_BROKER_QUEUE_ITERATIONS
configure:16945: checking that generated files are newer than configure
configure:16951: result: done
configure:16982: creating ./config.status

## ---------------------- ##
## Running config.status. ##
## ---------------------- ##

This file was extended by libsapo-broker2 config.status 2.1.0, which was
generated by GNU Autoconf 2.69.  Invocation command line was

  CONFIG_FILES    = 
  CONFIG_HEADERS  = 
  CONFIG_LINKS    = 
  CONFIG_COMMANDS = 
  $ ./config.status 

on ead1d3852c02

config.status:1189: creating Makefile
config.status:1189: creating src/Makefile
config.status:1189: creating test/Makefile
config.status:1189: creating test/broker_config.h
config.status:1189: creating examples/Makefile
config.status:1189: creating libsapo-broker2.pc
config.status:1189: creating src/config.h
config.status:1370: src/config.h is unchanged
config.status:1418: executing depfiles commands
config.status:1418: executing libtool commands

## ---------------- ##
## Cache variables. ##
## ---------------- ##

ac_cv_build=x86_64-unknown-linux-gnu
ac_cv_c_compiler_gnu=yes
ac_cv_c_const=yes
ac_cv_c_inline=inline
ac_cv_c_int64_t=yes
ac_cv_c_uint16_t=yes
ac_cv_c_uint32_t=yes
ac_cv_c_uint64_t=yes
ac_cv_c_uint8_t=yes
ac_cv_cxx_compiler_gnu=yes
ac_cv_env_CCC_set=
ac_cv_env_CCC_value=
ac_cv_env_CC_set=
ac_cv_env_CC_value=
ac_cv_env_CFLAGS_set=
ac_cv_env_CFLAGS_value=
ac_cv_env_CPPFLAGS_set=
ac_cv_env_CPPFLAGS_value=
ac_cv_env_CPP_set=
ac_cv_env_CPP_value=
ac_cv_env_CXXCPP_set=
ac_cv_env_CXXCPP_value=
ac_cv_env_CXXFLAGS_set=
ac_cv_env_CXXFLAGS_value=
ac_cv_env_CXX_set=
ac_cv_env_CXX_value=
ac_cv_env_LDFLAGS_set=
ac_cv_env_LDFLAGS_value=
ac_cv_env_LIBS_set=
ac_cv_env_LIBS_value=
ac_cv_env_PKG_CONFIG_LIBDIR_set=
ac_cv_env_PKG_CONFIG_LIBDIR_value=
ac_cv_env_PKG_CONFIG_PATH_set=
ac_cv_env_PKG_CONFIG_PATH_value=
ac_cv_env_PKG_CONFIG_set=
ac_cv_env_PKG_CONFIG_value=
ac_cv_env_PROTOBUF_CFLAGS_set=
ac_cv_env_PROTOBUF_CFLAGS_value=
ac_cv_env_PROTOBUF_LIBS_set=
ac_cv_env_PROTOBUF_LIBS_value=
ac_cv_env_TEST_BROKER_HOST_set=
ac_cv_env_TEST_BROKER_HOST_value=
ac_cv_env_TEST_BROKER_QUEUE_ITERATIONS_set=
ac_cv_env_TEST_BROKER_QUEUE_ITERATIONS_value=
ac_cv_env_TEST_BROKER_TCP_PORT_set=
ac_cv_env_TEST_BROKER_TCP_PORT_value=
ac_cv_env_build_alias_set=
ac_cv_env_build_alias_value=
ac_cv_env_host_alias_set=
ac_cv_env_host_alias_value=
ac_cv_env_target_alias_set=
ac_cv_env_target_alias_value=
ac_cv_func_bzero=yes
ac_cv_func_gethostbyname=yes
ac_cv_func_malloc_0_nonnull=yes
ac_cv_func_memset=yes
ac_cv_func_realloc_0_nonnull=yes
ac_cv_func_select=yes
ac_cv_func_socket=yes
ac_cv_func_strchr=yes
ac_cv_func_strerror=yes
ac_cv_header_arpa_inet_h=yes
ac_cv_header_dlfcn_h=yes
ac_cv_header_fcntl_h=yes
ac_cv_header_inttypes_h=yes
ac_cv_header_memory_h=yes
ac_cv_header_netdb_h=yes
ac_cv_header_stdbool_h=yes
ac_cv_header_stdc=yes
ac_cv_header_stdint_h=yes
ac_cv_header_stdlib_h=yes
ac_cv_header_string_h=yes
ac_cv_header_strings_h=yes
ac_cv_header_sys_socket_h=yes
ac_cv_header_sys_stat_h=yes
ac_cv_header_sys_time_h=yes
ac_cv_header_sys_types_h=yes
ac_cv_header_unistd_h=yes
ac_cv_host=x86_64-unknown-linux-gnu
ac_cv_objext=o
ac_cv_path_EGREP='/bin/grep -E'
ac_cv_path_FGREP='/bin/grep -F'
ac_cv_path_GREP=/bin/grep
ac_cv_path_PROTOC=/usr/bin/protoc
ac_cv_path_SED=/bin/sed
ac_cv_path_ac_pt_PKG_CONFIG=/usr/bin/pkg-config
ac_cv_path_install='/usr/bin/install -c'
ac_cv_path_mkdir=/bin/mkdir
ac_cv_prog_AWK=mawk
ac_cv_prog_CPP='gcc -std=gnu99 -E'
ac_cv_prog_CXXCPP='g++ -E'
ac_cv_prog_PTHREAD_CC='gcc -std=gnu99'
ac_cv_prog_ac_ct_AR=ar
ac_cv_prog_ac_ct_CC=gcc
ac_cv_prog_ac_ct_CXX=g++
ac_cv_prog_ac_ct_OBJDUMP=objdump
ac_cv_prog_ac_ct_RANLIB=ranlib
ac_cv_prog_ac_ct_STRIP=strip
ac_cv_prog_cc_c89=
ac_cv_prog_cc_c99=-std=gnu99
ac_cv_prog_cc_g=yes
ac_cv_prog_cxx_g=yes
ac_cv_prog_make_make_set=yes
ac_cv_type__Bool=yes
ac_cv_type_size_t=yes
ac_cv_type_ssize_t=yes
am_cv_CC_dependencies_compiler_type=gcc3
am_cv_CXX_dependencies_compiler_type=gcc3
am_cv_make_support_nested_variables=yes
am_cv_prog_cc_c_o=yes
lt_cv_ar_at_file=@
lt_cv_archive_cmds_need_lc=no
lt_cv_deplibs_check_method=pass_all
lt_cv_file_magic_cmd='$MAGIC_CMD'
lt_cv_file_magic_test_file=
lt_cv_ld_reload_flag=-r
lt_cv_nm_interface='BSD nm'
lt_cv_objdir=.libs
lt_cv_path_LD=/usr/bin/ld
lt_cv_path_LDCXX='/usr/bin/ld -m elf_x86_64'
lt_cv_path_NM='/usr/bin/nm -B'
lt_cv_path_mainfest_tool=no
lt_cv_prog_compiler_c_o=yes
lt_cv_prog_compiler_c_o_CXX=yes
lt_cv_prog_compiler_pic='-fPIC -DPIC'
lt_cv_prog_compiler_pic_CXX='-fPIC -DPIC'
lt_cv_prog_compiler_pic_works=yes
lt_cv_prog_compiler_pic_works_CXX=yes
lt_cv_prog_compiler_rtti_exceptions=no
lt_cv_prog_compiler_static_works=yes
lt_cv_prog_compiler_static_works_CXX=yes
lt_cv_prog_gnu_ld=yes
lt_cv_prog_gnu_ldcxx=yes
lt_cv_sharedlib_from_linklib_cmd='printf %s\n'
lt_cv_shlibpath_overrides_runpath=no
lt_cv_sys_global_symbol_pipe='sed -n -e '\''s/^.*[	 ]\([ABCDGIRSTW][ABCDGIRSTW]*\)[	 ][	 ]*\([_A-Za-z][_A-Za-z0-9]*\)$/\1 \2 \2/p'\'' | sed '\''/ __gnu_lto/d'\'''
lt_cv_sys_global_symbol_to_c_name_address='sed -n -e '\''s/^: \([^ ]*\)[ ]*$/  {\"\1\", (void *) 0},/p'\'' -e '\''s/^[ABCDGIRSTW]* \([^ ]*\) \([^ ]*\)$/  {"\2", (void *) \&\2},/p'\'''
lt_cv_sys_global_symbol_to_c_name_address_lib_prefix='sed -n -e '\''s/^: \([^ ]*\)[ ]*$/  {\"\1\", (void *) 0},/p'\'' -e '\''s/^[ABCDGIRSTW]* \([^ ]*\) \(lib[^ ]*\)$/  {"\2", (void *) \&\2},/p'\'' -e '\''s/^[ABCDGIRSTW]* \([^ ]*\) \([^ ]*\)$/  {"lib\2", (void *) \&\2},/p'\'''
lt_cv_sys_global_symbol_to_cdecl='sed -n -e '\''s/^T .* \(.*\)$/extern int \1();/p'\'' -e '\''s/^[ABCDGIRSTW]* .* \(.*\)$/extern char \1;/p'\'''
lt_cv_sys_max_cmd_len=1572864
lt_cv_to_host_file_cmd=func_convert_file_noop
lt_cv_to_tool_file_cmd=func_convert_file_noop
pkg_cv_PROTOBUF_CFLAGS='-pthread '
pkg_cv_PROTOBUF_LIBS='-lprotobuf -pthread -lpthread '

## ----------------- ##
## Output variables. ##
## ----------------- ##

ACLOCAL='aclocal-1.14'
AMDEPBACKSLASH='\'
AMDEP_FALSE='#'
AMDEP_TRUE=''
AMTAR='$${TAR-tar}'
AM_BACKSLASH='\'
AM_DEFAULT_V='$(AM_DEFAULT_VERBOSITY)'
AM_DEFAULT_VERBOSITY='1'
AM_V='$(V)'
AR='ar'
AUTOCONF='autoconf'
AUTOHEADER='autoheader'
AUTOMAKE='automake-1.14'
AWK='mawk'
CC='gcc -std=gnu99'
CCDEPMODE='depmode=gcc3'
CFLAGS='-g -O2  -pthread  -pthread  -fvisibility=hidden'
CPP='gcc -std=gnu99 -E'
CPPFLAGS=''
CXX='g++'
CXXCPP='g++ -E'
CXXDEPMODE='depmode=gcc3'
CXXFLAGS='-g -O2  -pthread  -pthread  -fvisibility=hidden'
CYGPATH_W='echo'
DEFS='-DHAVE_CONFIG_H'
DEPDIR='.deps'
DLLTOOL='false'
DSYMUTIL=''
DUMPBIN=''
ECHO_C=''
ECHO_N='-n'
ECHO_T=''
EGREP='/bin/grep -E'
EXEEXT=''
FGREP='/bin/grep -F'
GREP='/bin/grep'
INSTALL_DATA='${INSTALL} -m 644'
INSTALL_PROGRAM='${INSTALL}'
INSTALL_SCRIPT='${INSTALL}'
INSTALL_STRIP_PROGRAM='$(install_sh) -c -s'
LD='/usr/bin/ld -m elf_x86_64'
LDFLAGS=''
LIBOBJS=''
LIBS=' -lpthread    -lprotobuf -pthread -lpthread  '
LIBTOOL='$(SHELL) $(top_builddir)/libtool'
LIPO=''
LN_S='ln -s'
LTLIBOBJS=''
MAKEINFO='makeinfo'
MANIFEST_TOOL=':'
MKDIR_P='/bin/mkdir -p'
NM='/usr/bin/nm -B'
NMEDIT=''
OBJDUMP='objdump'
OBJEXT='o'
OTOOL64=''
OTOOL=''
PACKAGE='libsapo-broker2'
PACKAGE_BUGREPORT='c.valente@co.sapo.pt'
PACKAGE_NAME='libsapo-broker2'
PACKAGE_STRING='libsapo-broker2 2.1.0'
PACKAGE_TARNAME='libsapo-broker2'
PACKAGE_URL=''
PACKAGE_VERSION='2.1.0'
PATH_SEPARATOR=':'
PKG_CONFIG='/usr/bin/pkg-config'
PKG_CONFIG_LIBDIR=''
PKG_CONFIG_PATH=''
PROTOBUF_CFLAGS='-pthread '
PROTOBUF_LIBS='-lprotobuf -pthread -lpthread '
PROTOC='/usr/bin/protoc'
PTHREAD_CC='gcc -std=gnu99'
PTHREAD_CFLAGS=' -pthread '
PTHREAD_LIBS=' -lpthread   '
RANLIB='ranlib'
SED='/bin/sed'
SET_MAKE=''
SHELL='/bin/bash'
SOVERSION='3:0:1'
STRIP='strip'
TEST_BROKER_HOST='broker.labs.sapo.pt'
TEST_BROKER_QUEUE_ITERATIONS='10000'
TEST_BROKER_TCP_PORT='3323'
VERSION='2.1.0'
WITH_TEST_FALSE='#'
WITH_TEST_TRUE=''
ac_ct_AR='ar'
ac_ct_CC='gcc'
ac_ct_CXX='g++'
ac_ct_DUMPBIN=''
acx_pthread_config=''
am__EXEEXT_FALSE=''
am__EXEEXT_TRUE='#'
am__fastdepCC_FALSE='#'
am__fastdepCC_TRUE=''
am__fastdepCXX_FALSE='#'
am__fastdepCXX_TRUE=''
am__include='include'
am__isrc=''
am__leading_dot='.'
am__nodep='_no'
am__quote=''
am__tar='$${TAR-tar} chof - "$$tardir"'
am__untar='$${TAR-tar} xf -'
bindir='${exec_prefix}/bin'
build='x86_64-unknown-linux-gnu'
build_alias=''
build_cpu='x86_64'
build_os='linux-gnu'
build_vendor='unknown'
datadir='${datarootdir}'
datarootdir='${prefix}/share'
docdir='${datarootdir}/doc/${PACKAGE_TARNAME}'
dvidir='${docdir}'
exec_prefix='${prefix}'
host='x86_64-unknown-linux-gnu'
host_alias=''
host_cpu='x86_64'
host_os='linux-gnu'
host_vendor='unknown'
htmldir='${docdir}'
includedir='${prefix}/include'
infodir='${datarootdir}/info'
install_sh='${SHELL} /broker/clients/c-component/libsapo-broker2/install-sh'
libdir='${exec_prefix}/lib'
libexecdir='${exec_prefix}/libexec'
localedir='${datarootdir}/locale'
localstatedir='${prefix}/var'
mandir='${datarootdir}/man'
mkdir_p='$(MKDIR_P)'
oldincludedir='/usr/include'
pdfdir='${docdir}'
prefix='/usr/local'
program_transform_name='s,x,x,'
psdir='${docdir}'
sbindir='${exec_prefix}/sbin'
sharedstatedir='${prefix}/com'
sysconfdir='${prefix}/etc'
target_alias=''

## ----------- ##
## confdefs.h. ##
## ----------- ##

/* confdefs.h */
#define PACKAGE_NAME "libsapo-broker2"
#define PACKAGE_TARNAME "libsapo-broker2"
#define PACKAGE_VERSION "2.1.0"
#define PACKAGE_STRING "libsapo-broker2 2.1.0"
#define PACKAGE_BUGREPORT "c.valente@co.sapo.pt"
#define PACKAGE_URL ""
#define PACKAGE "libsapo-broker2"
#define VERSION "2.1.0"
#define STDC_HEADERS 1
#define HAVE_SYS_TYPES_H 1
#define HAVE_SYS_STAT_H 1
#define HAVE_STDLIB_H 1
#define HAVE_STRING_H 1
#define HAVE_MEMORY_H 1
#define HAVE_STRINGS_H 1
#define HAVE_INTTYPES_H 1
#define HAVE_STDINT_H 1
#define HAVE_UNISTD_H 1
#define HAVE_DLFCN_H 1
#define LT_OBJDIR ".libs/"
#define HAVE_ARPA_INET_H 1
#define HAVE_FCNTL_H 1
#define HAVE_NETDB_H 1
#define HAVE_STDINT_H 1
#define HAVE_STDLIB_H 1
#define HAVE_STRING_H 1
#define HAVE_STRINGS_H 1
#define HAVE_SYS_SOCKET_H 1
#define HAVE_SYS_TIME_H 1
#define HAVE_UNISTD_H 1
#define HAVE__BOOL 1
#define HAVE_STDBOOL_H 1
#define HAVE__BOOL 1
#define HAVE_STDBOOL_H 1
#define HAVE_STDLIB_H 1
#define HAVE_MALLOC 1
#define HAVE_STDLIB_H 1
#define HAVE_REALLOC 1
#define HAVE_BZERO 1
#define HAVE_GETHOSTBYNAME 1
#define HAVE_MEMSET 1
#define HAVE_SELECT 1
#define HAVE_SOCKET 1
#define HAVE_STRCHR 1
#define HAVE_STRERROR 1

configure: exit 0
